<?xml version="1.0" encoding="UTF-8"?>
<!-- Generated by org.testng.reporters.JUnitXMLReporter -->
<testsuite hostname="SYS" ignored="0" name="Test1" tests="1" failures="1" timestamp="22 Jan 2018 18:05:36 GMT" time="10.359" errors="0">
  <testcase name="homePageNavigationTest" time="0.492" classname="IKEAProject.HomePageTest">
    <failure type="junit.framework.ComparisonFailure" message="expected:&amp;lt;...country&amp;gt; but was:&amp;lt;...location&amp;gt;">
      <![CDATA[junit.framework.ComparisonFailure: expected:<...country> but was:<...location>at junit.framework.Assert.assertEquals(Assert.java:81)at junit.framework.Assert.assertEquals(Assert.java:87)at IKEAProject.HomePageTest.homePageNavigationTest(HomePageTest.java:38)... Removed 25 stack frames]]>
    </failure>
  </testcase> <!-- homePageNavigationTest -->
</testsuite> <!-- Test1 -->
