<?xml version="1.0" encoding="UTF-8"?>
<!-- Generated by org.testng.reporters.JUnitXMLReporter -->
<testsuite hostname="SYS" name="Validate homePage" tests="1" failures="0" timestamp="26 Nov 2017 16:38:48 GMT" time="0.124" errors="0">
  <testcase name="@BeforeTest Initilize" time="0.0" classname="IKEAProject.HomePage">
    <failure type="java.lang.NullPointerException">
      <![CDATA[java.lang.NullPointerException
	at baseFiles.BrowserInvoke.initializeDriver(BrowserInvoke.java:23)
	at IKEAProject.HomePage.Initilize(HomePage.java:21)
... Removed 22 stack frames]]>
    </failure>
  </testcase> <!-- @BeforeTest Initilize -->
  <testcase name="homePageNavigation" time="0.003" classname="IKEAProject.HomePage">
    <skipped/>
  </testcase> <!-- homePageNavigation -->
</testsuite> <!-- Validate homePage -->
