<?xml version="1.0" encoding="UTF-8"?>
<testng-results skipped="0" failed="1" ignored="0" total="1" passed="0">
  <reporter-output>
  </reporter-output>
  <suite name="Default suite" duration-ms="10388" started-at="2018-02-04T12:13:43Z" finished-at="2018-02-04T12:13:53Z">
    <groups>
    </groups>
    <test name="Default test" duration-ms="10388" started-at="2018-02-04T12:13:43Z" finished-at="2018-02-04T12:13:53Z">
      <class name="IKEAProject.SingaporePageTest">
        <test-method status="PASS" signature="Initialize()[pri:0, instance:IKEAProject.SingaporePageTest@a7b76d]" name="Initialize" is-config="true" duration-ms="7960" started-at="2018-02-04T13:13:43Z" finished-at="2018-02-04T13:13:51Z">
          <reporter-output>
          </reporter-output>
        </test-method> <!-- Initialize -->
        <test-method status="FAIL" signature="validateCountry()[pri:0, instance:IKEAProject.SingaporePageTest@a7b76d]" name="validateCountry" duration-ms="14" started-at="2018-02-04T13:13:51Z" finished-at="2018-02-04T13:13:51Z">
          <exception class="java.lang.NullPointerException">
            <full-stacktrace>
              <![CDATA[java.lang.NullPointerExceptionat utils.HelperMethods.findElemetByXpath(HelperMethods.java:22)at pageObject.HomePage.homePageNavigation(HomePage.java:31)at IKEAProject.SingaporePageTest.validateCountry(SingaporePageTest.java:31)at sun.reflect.NativeMethodAccessorImpl.invoke0(Native Method)at sun.reflect.NativeMethodAccessorImpl.invoke(NativeMethodAccessorImpl.java:62)at sun.reflect.DelegatingMethodAccessorImpl.invoke(DelegatingMethodAccessorImpl.java:43)at java.lang.reflect.Method.invoke(Method.java:498)at org.testng.internal.MethodInvocationHelper.invokeMethod(MethodInvocationHelper.java:124)at org.testng.internal.Invoker.invokeMethod(Invoker.java:571)at org.testng.internal.Invoker.invokeTestMethod(Invoker.java:707)at org.testng.internal.Invoker.invokeTestMethods(Invoker.java:979)at org.testng.internal.TestMethodWorker.invokeTestMethods(TestMethodWorker.java:125)at org.testng.internal.TestMethodWorker.run(TestMethodWorker.java:109)at org.testng.TestRunner.privateRun(TestRunner.java:648)at org.testng.TestRunner.run(TestRunner.java:505)at org.testng.SuiteRunner.runTest(SuiteRunner.java:455)at org.testng.SuiteRunner.runSequentially(SuiteRunner.java:450)at org.testng.SuiteRunner.privateRun(SuiteRunner.java:415)at org.testng.SuiteRunner.run(SuiteRunner.java:364)at org.testng.SuiteRunnerWorker.runSuite(SuiteRunnerWorker.java:52)at org.testng.SuiteRunnerWorker.run(SuiteRunnerWorker.java:84)at org.testng.TestNG.runSuitesSequentially(TestNG.java:1187)at org.testng.TestNG.runSuitesLocally(TestNG.java:1116)at org.testng.TestNG.runSuites(TestNG.java:1028)at org.testng.TestNG.run(TestNG.java:996)at org.testng.remote.AbstractRemoteTestNG.run(AbstractRemoteTestNG.java:114)at org.testng.remote.RemoteTestNG.initAndRun(RemoteTestNG.java:251)at org.testng.remote.RemoteTestNG.main(RemoteTestNG.java:77)]]>
            </full-stacktrace>
          </exception> <!-- java.lang.NullPointerException -->
          <reporter-output>
          </reporter-output>
        </test-method> <!-- validateCountry -->
        <test-method status="PASS" signature="teardown()[pri:0, instance:IKEAProject.SingaporePageTest@a7b76d]" name="teardown" is-config="true" duration-ms="2361" started-at="2018-02-04T13:13:51Z" finished-at="2018-02-04T13:13:53Z">
          <reporter-output>
          </reporter-output>
        </test-method> <!-- teardown -->
      </class> <!-- IKEAProject.SingaporePageTest -->
    </test> <!-- Default test -->
  </suite> <!-- Default suite -->
</testng-results>
